[debug] [2021-10-28T14:42:01.546Z] ----------------------------------------------------------------------
[debug] [2021-10-28T14:42:01.548Z] Command:       C:\Program Files\nodejs\node.exe C:\Users\Home\AppData\Roaming\npm\node_modules\firebase-tools\lib\bin\firebase.js init
[debug] [2021-10-28T14:42:01.548Z] CLI Version:   9.21.0
[debug] [2021-10-28T14:42:01.548Z] Platform:      win32
[debug] [2021-10-28T14:42:01.548Z] Node Version:  v14.17.6
[debug] [2021-10-28T14:42:01.549Z] Time:          Thu Oct 28 2021 07:42:01 GMT-0700 (Pacific Daylight Time)
[debug] [2021-10-28T14:42:01.549Z] ----------------------------------------------------------------------
[debug] 
[debug] [2021-10-28T14:42:01.551Z] >>> [apiv2][query] GET https://firebase-public.firebaseio.com/cli.json [none]
[debug] [2021-10-28T14:42:01.570Z] > command requires scopes: ["email","openid","https://www.googleapis.com/auth/cloudplatformprojects.readonly","https://www.googleapis.com/auth/firebase","https://www.googleapis.com/auth/cloud-platform"]
[debug] [2021-10-28T14:42:01.570Z] > authorizing via signed-in user (jin.dong.caesar@gmail.com)
[info] 
     ######## #### ########  ######## ########     ###     ######  ########
     ##        ##  ##     ## ##       ##     ##  ##   ##  ##       ##
     ######    ##  ########  ######   ########  #########  ######  ######
     ##        ##  ##    ##  ##       ##     ## ##     ##       ## ##
     ##       #### ##     ## ######## ########  ##     ##  ######  ########

You're about to initialize a Firebase project in this directory:

  D:\React_Frontend\React_example_1

[info] 
=== Project Setup
[info] 
[info] First, let's associate this project directory with a Firebase project.
[info] You can create multiple project aliases by running firebase use --add, 
[info] but for now we'll just set up a default project.
[info] 
[debug] [2021-10-28T14:43:22.992Z] ----------------------------------------------------------------------
[debug] [2021-10-28T14:43:22.994Z] Command:       C:\Program Files\nodejs\node.exe C:\Users\Home\AppData\Roaming\npm\node_modules\firebase-tools\lib\bin\firebase.js init
[debug] [2021-10-28T14:43:22.994Z] CLI Version:   9.21.0
[debug] [2021-10-28T14:43:22.994Z] Platform:      win32
[debug] [2021-10-28T14:43:22.994Z] Node Version:  v14.17.6
[debug] [2021-10-28T14:43:22.995Z] Time:          Thu Oct 28 2021 07:43:22 GMT-0700 (Pacific Daylight Time)
[debug] [2021-10-28T14:43:22.995Z] ----------------------------------------------------------------------
[debug] 
[debug] [2021-10-28T14:43:22.996Z] >>> [apiv2][query] GET https://firebase-public.firebaseio.com/cli.json [none]
[debug] [2021-10-28T14:43:23.016Z] > command requires scopes: ["email","openid","https://www.googleapis.com/auth/cloudplatformprojects.readonly","https://www.googleapis.com/auth/firebase","https://www.googleapis.com/auth/cloud-platform"]
[debug] [2021-10-28T14:43:23.016Z] > authorizing via signed-in user (jin.dong.caesar@gmail.com)
[info] 
     ######## #### ########  ######## ########     ###     ######  ########
     ##        ##  ##     ## ##       ##     ##  ##   ##  ##       ##
     ######    ##  ########  ######   ########  #########  ######  ######
     ##        ##  ##    ##  ##       ##     ## ##     ##       ## ##
     ##       #### ##     ## ######## ########  ##     ##  ######  ########

You're about to initialize a Firebase project in this directory:

  D:\React_Frontend\React_example_1

[info] 
=== Project Setup
[info] 
[info] First, let's associate this project directory with a Firebase project.
[info] You can create multiple project aliases by running firebase use --add, 
[info] but for now we'll just set up a default project.
[info] 
